  PA2function.c
c:\users\nicet\desktop\classes\cc++\lab\pa2_jeandongcho\pa2_jeandongcho\pa2function.c(9): warning C4996: 'scanf': This function or variable may be unsafe. Consider using scanf_s instead. To disable deprecation, use _CRT_SECURE_NO_WARNINGS. See online help for details.
  c:\program files (x86)\windows kits\10\include\10.0.10240.0\ucrt\stdio.h(1270): note: see declaration of 'scanf'
c:\users\nicet\desktop\classes\cc++\lab\pa2_jeandongcho\pa2_jeandongcho\pa2function.c(22): warning C4996: 'scanf': This function or variable may be unsafe. Consider using scanf_s instead. To disable deprecation, use _CRT_SECURE_NO_WARNINGS. See online help for details.
  c:\program files (x86)\windows kits\10\include\10.0.10240.0\ucrt\stdio.h(1270): note: see declaration of 'scanf'
c:\users\nicet\desktop\classes\cc++\lab\pa2_jeandongcho\pa2_jeandongcho\pa2function.c(34): warning C4996: 'scanf': This function or variable may be unsafe. Consider using scanf_s instead. To disable deprecation, use _CRT_SECURE_NO_WARNINGS. See online help for details.
  c:\program files (x86)\windows kits\10\include\10.0.10240.0\ucrt\stdio.h(1270): note: see declaration of 'scanf'
c:\users\nicet\desktop\classes\cc++\lab\pa2_jeandongcho\pa2_jeandongcho\pa2function.c(49): warning C4996: 'scanf': This function or variable may be unsafe. Consider using scanf_s instead. To disable deprecation, use _CRT_SECURE_NO_WARNINGS. See online help for details.
  c:\program files (x86)\windows kits\10\include\10.0.10240.0\ucrt\stdio.h(1270): note: see declaration of 'scanf'
c:\users\nicet\desktop\classes\cc++\lab\pa2_jeandongcho\pa2_jeandongcho\pa2function.c(61): warning C4996: 'scanf': This function or variable may be unsafe. Consider using scanf_s instead. To disable deprecation, use _CRT_SECURE_NO_WARNINGS. See online help for details.
  c:\program files (x86)\windows kits\10\include\10.0.10240.0\ucrt\stdio.h(1270): note: see declaration of 'scanf'
c:\users\nicet\desktop\classes\cc++\lab\pa2_jeandongcho\pa2_jeandongcho\pa2function.c(72): warning C4996: 'scanf': This function or variable may be unsafe. Consider using scanf_s instead. To disable deprecation, use _CRT_SECURE_NO_WARNINGS. See online help for details.
  c:\program files (x86)\windows kits\10\include\10.0.10240.0\ucrt\stdio.h(1270): note: see declaration of 'scanf'
c:\users\nicet\desktop\classes\cc++\lab\pa2_jeandongcho\pa2_jeandongcho\pa2function.c(83): warning C4996: 'scanf': This function or variable may be unsafe. Consider using scanf_s instead. To disable deprecation, use _CRT_SECURE_NO_WARNINGS. See online help for details.
  c:\program files (x86)\windows kits\10\include\10.0.10240.0\ucrt\stdio.h(1270): note: see declaration of 'scanf'
c:\users\nicet\desktop\classes\cc++\lab\pa2_jeandongcho\pa2_jeandongcho\pa2function.c(95): warning C4996: 'scanf': This function or variable may be unsafe. Consider using scanf_s instead. To disable deprecation, use _CRT_SECURE_NO_WARNINGS. See online help for details.
  c:\program files (x86)\windows kits\10\include\10.0.10240.0\ucrt\stdio.h(1270): note: see declaration of 'scanf'
  PA2.c
c:\users\nicet\desktop\classes\cc++\lab\pa2_jeandongcho\pa2_jeandongcho\pa2.c(14): warning C4244: 'initializing': conversion from 'double' to 'char', possible loss of data
  Generating Code...
  PA2_JeanDongCho.vcxproj -> C:\Users\nicet\Desktop\Classes\CC++\Lab\PA2_JeanDongCho\Debug\PA2_JeanDongCho.exe
  PA2_JeanDongCho.vcxproj -> C:\Users\nicet\Desktop\Classes\CC++\Lab\PA2_JeanDongCho\Debug\PA2_JeanDongCho.pdb (Full PDB)
