  main.c
c:\users\nicet\desktop\classes\cc++\pa\pa6_jeandongcho\pa6_jeandongcho\main.c(11): warning C4244: 'function': conversion from 'time_t' to 'unsigned int', possible loss of data
c:\users\nicet\desktop\classes\cc++\pa\pa6_jeandongcho\pa6_jeandongcho\main.c(9): warning C4996: 'fopen': This function or variable may be unsafe. Consider using fopen_s instead. To disable deprecation, use _CRT_SECURE_NO_WARNINGS. See online help for details.
  c:\program files (x86)\windows kits\10\include\10.0.10240.0\ucrt\stdio.h(205): note: see declaration of 'fopen'
c:\users\nicet\desktop\classes\cc++\pa\pa6_jeandongcho\pa6_jeandongcho\main.c(37): warning C4996: 'scanf': This function or variable may be unsafe. Consider using scanf_s instead. To disable deprecation, use _CRT_SECURE_NO_WARNINGS. See online help for details.
  c:\program files (x86)\windows kits\10\include\10.0.10240.0\ucrt\stdio.h(1270): note: see declaration of 'scanf'
c:\users\nicet\desktop\classes\cc++\pa\pa6_jeandongcho\pa6_jeandongcho\main.c(38): warning C4996: 'scanf': This function or variable may be unsafe. Consider using scanf_s instead. To disable deprecation, use _CRT_SECURE_NO_WARNINGS. See online help for details.
  c:\program files (x86)\windows kits\10\include\10.0.10240.0\ucrt\stdio.h(1270): note: see declaration of 'scanf'
c:\users\nicet\desktop\classes\cc++\pa\pa6_jeandongcho\pa6_jeandongcho\main.c(93): warning C4996: 'scanf': This function or variable may be unsafe. Consider using scanf_s instead. To disable deprecation, use _CRT_SECURE_NO_WARNINGS. See online help for details.
  c:\program files (x86)\windows kits\10\include\10.0.10240.0\ucrt\stdio.h(1270): note: see declaration of 'scanf'
c:\users\nicet\desktop\classes\cc++\pa\pa6_jeandongcho\pa6_jeandongcho\main.c(94): warning C4996: 'scanf': This function or variable may be unsafe. Consider using scanf_s instead. To disable deprecation, use _CRT_SECURE_NO_WARNINGS. See online help for details.
  c:\program files (x86)\windows kits\10\include\10.0.10240.0\ucrt\stdio.h(1270): note: see declaration of 'scanf'
c:\users\nicet\desktop\classes\cc++\pa\pa6_jeandongcho\pa6_jeandongcho\main.c(119): warning C4996: 'scanf': This function or variable may be unsafe. Consider using scanf_s instead. To disable deprecation, use _CRT_SECURE_NO_WARNINGS. See online help for details.
  c:\program files (x86)\windows kits\10\include\10.0.10240.0\ucrt\stdio.h(1270): note: see declaration of 'scanf'
c:\users\nicet\desktop\classes\cc++\pa\pa6_jeandongcho\pa6_jeandongcho\main.c(120): warning C4996: 'scanf': This function or variable may be unsafe. Consider using scanf_s instead. To disable deprecation, use _CRT_SECURE_NO_WARNINGS. See online help for details.
  c:\program files (x86)\windows kits\10\include\10.0.10240.0\ucrt\stdio.h(1270): note: see declaration of 'scanf'
c:\users\nicet\desktop\classes\cc++\pa\pa6_jeandongcho\pa6_jeandongcho\main.c(174): warning C4996: 'scanf': This function or variable may be unsafe. Consider using scanf_s instead. To disable deprecation, use _CRT_SECURE_NO_WARNINGS. See online help for details.
  c:\program files (x86)\windows kits\10\include\10.0.10240.0\ucrt\stdio.h(1270): note: see declaration of 'scanf'
c:\users\nicet\desktop\classes\cc++\pa\pa6_jeandongcho\pa6_jeandongcho\main.c(175): warning C4996: 'scanf': This function or variable may be unsafe. Consider using scanf_s instead. To disable deprecation, use _CRT_SECURE_NO_WARNINGS. See online help for details.
  c:\program files (x86)\windows kits\10\include\10.0.10240.0\ucrt\stdio.h(1270): note: see declaration of 'scanf'
  PA6_JeanDongCho.vcxproj -> C:\Users\nicet\Desktop\Classes\CC++\PA\PA6_JeanDongCho\Debug\PA6_JeanDongCho.exe
  PA6_JeanDongCho.vcxproj -> C:\Users\nicet\Desktop\Classes\CC++\PA\PA6_JeanDongCho\Debug\PA6_JeanDongCho.pdb (Full PDB)
